<?xml version="1.0" encoding="UTF-8"?>
<!-- Generated by org.testng.reporters.JUnitReportReporter -->
<testsuite hostname="LAPTOP-D04C1MQQ" failures="0" tests="3" name="com.EasySeleniumFrameworkQuestions.TestNGQuestions" time="27.382" errors="0" timestamp="2024-05-02T21:35:06 EDT" skipped="0">
  <testcase classname="com.EasySeleniumFrameworkQuestions.TestNGQuestions" name="question1" time="6.629"/>
  <testcase classname="com.EasySeleniumFrameworkQuestions.TestNGQuestions" name="question2" time="9.000"/>
  <testcase classname="com.EasySeleniumFrameworkQuestions.TestNGQuestions" name="question3" time="11.753"/>
</testsuite> <!-- com.EasySeleniumFrameworkQuestions.TestNGQuestions -->
