<?xml version="1.0" encoding="UTF-8"?>
<!-- Generated by org.testng.reporters.JUnitReportReporter -->
<testsuite hostname="LAPTOP-D04C1MQQ" failures="0" tests="1" name="com.EasySeleniumFrameworkQuestions.Question1" time="8.034" errors="0" timestamp="2024-05-02T20:28:08 EDT" skipped="0">
  <testcase classname="com.EasySeleniumFrameworkQuestions.Question1" name="VerifyTheTitleOfThePage" time="8.034"/>
</testsuite> <!-- com.EasySeleniumFrameworkQuestions.Question1 -->
